Base path: C:/Program Files/Unity/Editor/Data
Cmd: getPlatforms
Cmd: compileSnippet
  api=4 type=0 insize=3669 outsize=3458 kw=SHADOWS_DEPTH pd=UNITY_ENABLE_REFLECTION_BUFFERS UNITY_PBS_USE_BRDF1 UNITY_SPECCUBE_BOX_PROJECTION UNITY_SPECCUBE_BLENDING ok=1
Cmd: compileSnippet
  api=4 type=1 insize=3669 outsize=502 kw=SHADOWS_DEPTH pd=UNITY_ENABLE_REFLECTION_BUFFERS UNITY_PBS_USE_BRDF1 UNITY_SPECCUBE_BOX_PROJECTION UNITY_SPECCUBE_BLENDING ok=1
Cmd: compileSnippet
  api=4 type=0 insize=3280 outsize=3274 kw=SHADOWS_DEPTH pd=UNITY_ENABLE_REFLECTION_BUFFERS UNITY_PBS_USE_BRDF1 UNITY_SPECCUBE_BOX_PROJECTION UNITY_SPECCUBE_BLENDING ok=1
Cmd: compileSnippet
  api=4 type=1 insize=3280 outsize=502 kw=SHADOWS_DEPTH pd=UNITY_ENABLE_REFLECTION_BUFFERS UNITY_PBS_USE_BRDF1 UNITY_SPECCUBE_BOX_PROJECTION UNITY_SPECCUBE_BLENDING ok=1
Cmd: compileSnippet
  api=4 type=0 insize=17508 outsize=1030 kw=SHADOWS_SPLIT_SPHERES pd=UNITY_ENABLE_REFLECTION_BUFFERS UNITY_PBS_USE_BRDF1 UNITY_SPECCUBE_BOX_PROJECTION UNITY_SPECCUBE_BLENDING ok=1
Cmd: compileSnippet
  api=4 type=1 insize=17508 outsize=4350 kw=SHADOWS_SPLIT_SPHERES pd=UNITY_ENABLE_REFLECTION_BUFFERS UNITY_PBS_USE_BRDF1 UNITY_SPECCUBE_BOX_PROJECTION UNITY_SPECCUBE_BLENDING ok=1
Cmd: compileSnippet
  api=4 type=0 insize=69744 outsize=2154 kw=DIRECTIONAL SHADOWS_SCREEN LIGHTMAP_OFF DYNAMICLIGHTMAP_OFF pd=UNITY_ENABLE_REFLECTION_BUFFERS UNITY_PBS_USE_BRDF1 UNITY_SPECCUBE_BOX_PROJECTION UNITY_SPECCUBE_BLENDING ok=1
Cmd: compileSnippet
  api=4 type=1 insize=69744 outsize=7086 kw=DIRECTIONAL SHADOWS_SCREEN LIGHTMAP_OFF DYNAMICLIGHTMAP_OFF pd=UNITY_ENABLE_REFLECTION_BUFFERS UNITY_PBS_USE_BRDF1 UNITY_SPECCUBE_BOX_PROJECTION UNITY_SPECCUBE_BLENDING ok=1
Cmd: compileSnippet
  api=4 type=0 insize=69744 outsize=1962 kw=DIRECTIONAL LIGHTMAP_OFF DYNAMICLIGHTMAP_OFF pd=UNITY_ENABLE_REFLECTION_BUFFERS UNITY_PBS_USE_BRDF1 UNITY_SPECCUBE_BOX_PROJECTION UNITY_SPECCUBE_BLENDING ok=1
Cmd: compileSnippet
  api=4 type=1 insize=69744 outsize=6934 kw=DIRECTIONAL LIGHTMAP_OFF DYNAMICLIGHTMAP_OFF pd=UNITY_ENABLE_REFLECTION_BUFFERS UNITY_PBS_USE_BRDF1 UNITY_SPECCUBE_BOX_PROJECTION UNITY_SPECCUBE_BLENDING ok=1
Cmd: compileSnippet
  api=4 type=0 insize=3411 outsize=1210 kw= pd=UNITY_ENABLE_REFLECTION_BUFFERS UNITY_PBS_USE_BRDF1 UNITY_SPECCUBE_BOX_PROJECTION UNITY_SPECCUBE_BLENDING ok=1
Cmd: compileSnippet
  api=4 type=1 insize=3411 outsize=610 kw= pd=UNITY_ENABLE_REFLECTION_BUFFERS UNITY_PBS_USE_BRDF1 UNITY_SPECCUBE_BOX_PROJECTION UNITY_SPECCUBE_BLENDING ok=1
Cmd: compileSnippet
  api=4 type=0 insize=69744 outsize=1730 kw=DIRECTIONAL LIGHTMAP_OFF DIRLIGHTMAP_COMBINED DYNAMICLIGHTMAP_ON pd=UNITY_ENABLE_REFLECTION_BUFFERS UNITY_PBS_USE_BRDF1 UNITY_SPECCUBE_BOX_PROJECTION UNITY_SPECCUBE_BLENDING ok=1
Cmd: compileSnippet
  api=4 type=1 insize=69744 outsize=6070 kw=DIRECTIONAL LIGHTMAP_OFF DIRLIGHTMAP_COMBINED DYNAMICLIGHTMAP_ON pd=UNITY_ENABLE_REFLECTION_BUFFERS UNITY_PBS_USE_BRDF1 UNITY_SPECCUBE_BOX_PROJECTION UNITY_SPECCUBE_BLENDING ok=1
Cmd: compileSnippet
  api=4 type=0 insize=69744 outsize=1922 kw=DIRECTIONAL SHADOWS_SCREEN LIGHTMAP_OFF DIRLIGHTMAP_COMBINED DYNAMICLIGHTMAP_ON pd=UNITY_ENABLE_REFLECTION_BUFFERS UNITY_PBS_USE_BRDF1 UNITY_SPECCUBE_BOX_PROJECTION UNITY_SPECCUBE_BLENDING ok=1
Cmd: compileSnippet
  api=4 type=1 insize=69744 outsize=6222 kw=DIRECTIONAL SHADOWS_SCREEN LIGHTMAP_OFF DIRLIGHTMAP_COMBINED DYNAMICLIGHTMAP_ON pd=UNITY_ENABLE_REFLECTION_BUFFERS UNITY_PBS_USE_BRDF1 UNITY_SPECCUBE_BOX_PROJECTION UNITY_SPECCUBE_BLENDING ok=1
Cmd: compileSnippet
  api=4 type=0 insize=451348 outsize=7730 kw=DIRECTIONAL LIGHTMAP_OFF DYNAMICLIGHTMAP_OFF LOD_FADE_CROSSFADE EFFECT_BUMP EFFECT_HUE_VARIATION GEOM_TYPE_BRANCH pd=UNITY_ENABLE_REFLECTION_BUFFERS UNITY_PBS_USE_BRDF1 UNITY_SPECCUBE_BOX_PROJECTION UNITY_SPECCUBE_BLENDING ok=1
Cmd: compileSnippet
  api=4 type=1 insize=451348 outsize=2906 kw=DIRECTIONAL LIGHTMAP_OFF DYNAMICLIGHTMAP_OFF LOD_FADE_CROSSFADE EFFECT_BUMP EFFECT_HUE_VARIATION GEOM_TYPE_BRANCH pd=UNITY_ENABLE_REFLECTION_BUFFERS UNITY_PBS_USE_BRDF1 UNITY_SPECCUBE_BOX_PROJECTION UNITY_SPECCUBE_BLENDING ok=1
Cmd: compileSnippet
  api=4 type=0 insize=451348 outsize=7862 kw=DIRECTIONAL LIGHTMAP_OFF DYNAMICLIGHTMAP_OFF LOD_FADE_CROSSFADE EFFECT_BUMP EFFECT_HUE_VARIATION GEOM_TYPE_BRANCH_DETAIL pd=UNITY_ENABLE_REFLECTION_BUFFERS UNITY_PBS_USE_BRDF1 UNITY_SPECCUBE_BOX_PROJECTION UNITY_SPECCUBE_BLENDING ok=1
Cmd: compileSnippet
  api=4 type=1 insize=451348 outsize=3158 kw=DIRECTIONAL LIGHTMAP_OFF DYNAMICLIGHTMAP_OFF LOD_FADE_CROSSFADE EFFECT_BUMP EFFECT_HUE_VARIATION GEOM_TYPE_BRANCH_DETAIL pd=UNITY_ENABLE_REFLECTION_BUFFERS UNITY_PBS_USE_BRDF1 UNITY_SPECCUBE_BOX_PROJECTION UNITY_SPECCUBE_BLENDING ok=1
Cmd: compileSnippet
  api=4 type=0 insize=451348 outsize=12258 kw=DIRECTIONAL LIGHTMAP_OFF DYNAMICLIGHTMAP_OFF LOD_FADE_CROSSFADE EFFECT_BUMP EFFECT_HUE_VARIATION GEOM_TYPE_LEAF pd=UNITY_ENABLE_REFLECTION_BUFFERS UNITY_PBS_USE_BRDF1 UNITY_SPECCUBE_BOX_PROJECTION UNITY_SPECCUBE_BLENDING ok=1
Cmd: compileSnippet
  api=4 type=1 insize=451348 outsize=2994 kw=DIRECTIONAL LIGHTMAP_OFF DYNAMICLIGHTMAP_OFF LOD_FADE_CROSSFADE EFFECT_BUMP EFFECT_HUE_VARIATION GEOM_TYPE_LEAF pd=UNITY_ENABLE_REFLECTION_BUFFERS UNITY_PBS_USE_BRDF1 UNITY_SPECCUBE_BOX_PROJECTION UNITY_SPECCUBE_BLENDING ok=1
Cmd: compileSnippet
  api=4 type=0 insize=117845 outsize=5478 kw=DIRECTIONAL LIGHTMAP_OFF DYNAMICLIGHTMAP_OFF LOD_FADE_CROSSFADE BILLBOARD_FACE_CAMERA_POS EFFECT_BUMP EFFECT_HUE_VARIATION pd=UNITY_ENABLE_REFLECTION_BUFFERS UNITY_PBS_USE_BRDF1 UNITY_SPECCUBE_BOX_PROJECTION UNITY_SPECCUBE_BLENDING ok=1
Cmd: compileSnippet
  api=4 type=1 insize=117845 outsize=2994 kw=DIRECTIONAL LIGHTMAP_OFF DYNAMICLIGHTMAP_OFF LOD_FADE_CROSSFADE BILLBOARD_FACE_CAMERA_POS EFFECT_BUMP EFFECT_HUE_VARIATION pd=UNITY_ENABLE_REFLECTION_BUFFERS UNITY_PBS_USE_BRDF1 UNITY_SPECCUBE_BOX_PROJECTION UNITY_SPECCUBE_BLENDING ok=1
Cmd: compileSnippet
  api=4 type=0 insize=451348 outsize=7506 kw=DIRECTIONAL LIGHTMAP_OFF DYNAMICLIGHTMAP_OFF LOD_FADE_PERCENTAGE EFFECT_BUMP EFFECT_HUE_VARIATION GEOM_TYPE_BRANCH_DETAIL pd=UNITY_ENABLE_REFLECTION_BUFFERS UNITY_PBS_USE_BRDF1 UNITY_SPECCUBE_BOX_PROJECTION UNITY_SPECCUBE_BLENDING ok=1
Cmd: compileSnippet
  api=4 type=1 insize=451348 outsize=2886 kw=DIRECTIONAL LIGHTMAP_OFF DYNAMICLIGHTMAP_OFF LOD_FADE_PERCENTAGE EFFECT_BUMP EFFECT_HUE_VARIATION GEOM_TYPE_BRANCH_DETAIL pd=UNITY_ENABLE_REFLECTION_BUFFERS UNITY_PBS_USE_BRDF1 UNITY_SPECCUBE_BOX_PROJECTION UNITY_SPECCUBE_BLENDING ok=1
Cmd: compileSnippet
  api=4 type=0 insize=451348 outsize=12062 kw=DIRECTIONAL LIGHTMAP_OFF DYNAMICLIGHTMAP_OFF LOD_FADE_PERCENTAGE EFFECT_BUMP EFFECT_HUE_VARIATION GEOM_TYPE_LEAF pd=UNITY_ENABLE_REFLECTION_BUFFERS UNITY_PBS_USE_BRDF1 UNITY_SPECCUBE_BOX_PROJECTION UNITY_SPECCUBE_BLENDING ok=1
Cmd: compileSnippet
  api=4 type=1 insize=451348 outsize=2722 kw=DIRECTIONAL LIGHTMAP_OFF DYNAMICLIGHTMAP_OFF LOD_FADE_PERCENTAGE EFFECT_BUMP EFFECT_HUE_VARIATION GEOM_TYPE_LEAF pd=UNITY_ENABLE_REFLECTION_BUFFERS UNITY_PBS_USE_BRDF1 UNITY_SPECCUBE_BOX_PROJECTION UNITY_SPECCUBE_BLENDING ok=1
Cmd: compileSnippet
  api=4 type=0 insize=451348 outsize=7374 kw=DIRECTIONAL LIGHTMAP_OFF DYNAMICLIGHTMAP_OFF LOD_FADE_PERCENTAGE EFFECT_BUMP EFFECT_HUE_VARIATION GEOM_TYPE_BRANCH pd=UNITY_ENABLE_REFLECTION_BUFFERS UNITY_PBS_USE_BRDF1 UNITY_SPECCUBE_BOX_PROJECTION UNITY_SPECCUBE_BLENDING ok=1
Cmd: compileSnippet
  api=4 type=1 insize=451348 outsize=2634 kw=DIRECTIONAL LIGHTMAP_OFF DYNAMICLIGHTMAP_OFF LOD_FADE_PERCENTAGE EFFECT_BUMP EFFECT_HUE_VARIATION GEOM_TYPE_BRANCH pd=UNITY_ENABLE_REFLECTION_BUFFERS UNITY_PBS_USE_BRDF1 UNITY_SPECCUBE_BOX_PROJECTION UNITY_SPECCUBE_BLENDING ok=1
Cmd: compileSnippet
  api=4 type=0 insize=451348 outsize=7842 kw=DIRECTIONAL LIGHTMAP_OFF DYNAMICLIGHTMAP_OFF LOD_FADE_PERCENTAGE EFFECT_BUMP EFFECT_HUE_VARIATION GEOM_TYPE_FROND pd=UNITY_ENABLE_REFLECTION_BUFFERS UNITY_PBS_USE_BRDF1 UNITY_SPECCUBE_BOX_PROJECTION UNITY_SPECCUBE_BLENDING ok=1
Cmd: compileSnippet
  api=4 type=1 insize=451348 outsize=2722 kw=DIRECTIONAL LIGHTMAP_OFF DYNAMICLIGHTMAP_OFF LOD_FADE_PERCENTAGE EFFECT_BUMP EFFECT_HUE_VARIATION GEOM_TYPE_FROND pd=UNITY_ENABLE_REFLECTION_BUFFERS UNITY_PBS_USE_BRDF1 UNITY_SPECCUBE_BOX_PROJECTION UNITY_SPECCUBE_BLENDING ok=1
Cmd: compileSnippet
  api=4 type=0 insize=1274 outsize=6858 kw=SHADOWS_DEPTH LOD_FADE_PERCENTAGE GEOM_TYPE_BRANCH_DETAIL pd=UNITY_ENABLE_REFLECTION_BUFFERS UNITY_PBS_USE_BRDF1 UNITY_SPECCUBE_BOX_PROJECTION UNITY_SPECCUBE_BLENDING ok=1
Cmd: compileSnippet
  api=4 type=1 insize=1274 outsize=218 kw=SHADOWS_DEPTH LOD_FADE_PERCENTAGE GEOM_TYPE_BRANCH_DETAIL pd=UNITY_ENABLE_REFLECTION_BUFFERS UNITY_PBS_USE_BRDF1 UNITY_SPECCUBE_BOX_PROJECTION UNITY_SPECCUBE_BLENDING ok=1
Cmd: compileSnippet
  api=4 type=0 insize=1274 outsize=7394 kw=SHADOWS_DEPTH LOD_FADE_PERCENTAGE GEOM_TYPE_FROND pd=UNITY_ENABLE_REFLECTION_BUFFERS UNITY_PBS_USE_BRDF1 UNITY_SPECCUBE_BOX_PROJECTION UNITY_SPECCUBE_BLENDING ok=1
Cmd: compileSnippet
  api=4 type=1 insize=1274 outsize=442 kw=SHADOWS_DEPTH LOD_FADE_PERCENTAGE GEOM_TYPE_FROND pd=UNITY_ENABLE_REFLECTION_BUFFERS UNITY_PBS_USE_BRDF1 UNITY_SPECCUBE_BOX_PROJECTION UNITY_SPECCUBE_BLENDING ok=1
Cmd: compileSnippet
  api=4 type=0 insize=1274 outsize=11558 kw=SHADOWS_DEPTH LOD_FADE_PERCENTAGE GEOM_TYPE_LEAF pd=UNITY_ENABLE_REFLECTION_BUFFERS UNITY_PBS_USE_BRDF1 UNITY_SPECCUBE_BOX_PROJECTION UNITY_SPECCUBE_BLENDING ok=1
Cmd: compileSnippet
  api=4 type=1 insize=1274 outsize=442 kw=SHADOWS_DEPTH LOD_FADE_PERCENTAGE GEOM_TYPE_LEAF pd=UNITY_ENABLE_REFLECTION_BUFFERS UNITY_PBS_USE_BRDF1 UNITY_SPECCUBE_BOX_PROJECTION UNITY_SPECCUBE_BLENDING ok=1
Cmd: compileSnippet
  api=4 type=0 insize=1274 outsize=6858 kw=SHADOWS_DEPTH LOD_FADE_PERCENTAGE GEOM_TYPE_BRANCH pd=UNITY_ENABLE_REFLECTION_BUFFERS UNITY_PBS_USE_BRDF1 UNITY_SPECCUBE_BOX_PROJECTION UNITY_SPECCUBE_BLENDING ok=1
Cmd: compileSnippet
  api=4 type=1 insize=1274 outsize=218 kw=SHADOWS_DEPTH LOD_FADE_PERCENTAGE GEOM_TYPE_BRANCH pd=UNITY_ENABLE_REFLECTION_BUFFERS UNITY_PBS_USE_BRDF1 UNITY_SPECCUBE_BOX_PROJECTION UNITY_SPECCUBE_BLENDING ok=1
Cmd: compileSnippet
  api=4 type=0 insize=451348 outsize=7726 kw=DIRECTIONAL SHADOWS_SCREEN LIGHTMAP_OFF DYNAMICLIGHTMAP_OFF LOD_FADE_PERCENTAGE EFFECT_BUMP EFFECT_HUE_VARIATION GEOM_TYPE_BRANCH_DETAIL pd=UNITY_ENABLE_REFLECTION_BUFFERS UNITY_PBS_USE_BRDF1 UNITY_SPECCUBE_BOX_PROJECTION UNITY_SPECCUBE_BLENDING ok=1
Cmd: compileSnippet
  api=4 type=1 insize=451348 outsize=3042 kw=DIRECTIONAL SHADOWS_SCREEN LIGHTMAP_OFF DYNAMICLIGHTMAP_OFF LOD_FADE_PERCENTAGE EFFECT_BUMP EFFECT_HUE_VARIATION GEOM_TYPE_BRANCH_DETAIL pd=UNITY_ENABLE_REFLECTION_BUFFERS UNITY_PBS_USE_BRDF1 UNITY_SPECCUBE_BOX_PROJECTION UNITY_SPECCUBE_BLENDING ok=1
Cmd: compileSnippet
  api=4 type=0 insize=451348 outsize=12282 kw=DIRECTIONAL SHADOWS_SCREEN LIGHTMAP_OFF DYNAMICLIGHTMAP_OFF LOD_FADE_PERCENTAGE EFFECT_BUMP EFFECT_HUE_VARIATION GEOM_TYPE_LEAF pd=UNITY_ENABLE_REFLECTION_BUFFERS UNITY_PBS_USE_BRDF1 UNITY_SPECCUBE_BOX_PROJECTION UNITY_SPECCUBE_BLENDING ok=1
Cmd: compileSnippet
  api=4 type=1 insize=451348 outsize=2878 kw=DIRECTIONAL SHADOWS_SCREEN LIGHTMAP_OFF DYNAMICLIGHTMAP_OFF LOD_FADE_PERCENTAGE EFFECT_BUMP EFFECT_HUE_VARIATION GEOM_TYPE_LEAF pd=UNITY_ENABLE_REFLECTION_BUFFERS UNITY_PBS_USE_BRDF1 UNITY_SPECCUBE_BOX_PROJECTION UNITY_SPECCUBE_BLENDING ok=1
Cmd: compileSnippet
  api=4 type=0 insize=451348 outsize=8062 kw=DIRECTIONAL SHADOWS_SCREEN LIGHTMAP_OFF DYNAMICLIGHTMAP_OFF LOD_FADE_PERCENTAGE EFFECT_BUMP EFFECT_HUE_VARIATION GEOM_TYPE_FROND pd=UNITY_ENABLE_REFLECTION_BUFFERS UNITY_PBS_USE_BRDF1 UNITY_SPECCUBE_BOX_PROJECTION UNITY_SPECCUBE_BLENDING ok=1
Cmd: compileSnippet
  api=4 type=1 insize=451348 outsize=2878 kw=DIRECTIONAL SHADOWS_SCREEN LIGHTMAP_OFF DYNAMICLIGHTMAP_OFF LOD_FADE_PERCENTAGE EFFECT_BUMP EFFECT_HUE_VARIATION GEOM_TYPE_FROND pd=UNITY_ENABLE_REFLECTION_BUFFERS UNITY_PBS_USE_BRDF1 UNITY_SPECCUBE_BOX_PROJECTION UNITY_SPECCUBE_BLENDING ok=1
Cmd: compileSnippet
  api=4 type=0 insize=451348 outsize=7594 kw=DIRECTIONAL SHADOWS_SCREEN LIGHTMAP_OFF DYNAMICLIGHTMAP_OFF LOD_FADE_PERCENTAGE EFFECT_BUMP EFFECT_HUE_VARIATION GEOM_TYPE_BRANCH pd=UNITY_ENABLE_REFLECTION_BUFFERS UNITY_PBS_USE_BRDF1 UNITY_SPECCUBE_BOX_PROJECTION UNITY_SPECCUBE_BLENDING ok=1
Cmd: compileSnippet
  api=4 type=1 insize=451348 outsize=2790 kw=DIRECTIONAL SHADOWS_SCREEN LIGHTMAP_OFF DYNAMICLIGHTMAP_OFF LOD_FADE_PERCENTAGE EFFECT_BUMP EFFECT_HUE_VARIATION GEOM_TYPE_BRANCH pd=UNITY_ENABLE_REFLECTION_BUFFERS UNITY_PBS_USE_BRDF1 UNITY_SPECCUBE_BOX_PROJECTION UNITY_SPECCUBE_BLENDING ok=1
Cmd: compileSnippet
  api=4 type=0 insize=451348 outsize=12062 kw=DIRECTIONAL SHADOWS_SCREEN LIGHTMAP_OFF DYNAMICLIGHTMAP_OFF EFFECT_BUMP EFFECT_HUE_VARIATION GEOM_TYPE_LEAF pd=UNITY_ENABLE_REFLECTION_BUFFERS UNITY_PBS_USE_BRDF1 UNITY_SPECCUBE_BOX_PROJECTION UNITY_SPECCUBE_BLENDING ok=1
Cmd: compileSnippet
  api=4 type=1 insize=451348 outsize=2878 kw=DIRECTIONAL SHADOWS_SCREEN LIGHTMAP_OFF DYNAMICLIGHTMAP_OFF EFFECT_BUMP EFFECT_HUE_VARIATION GEOM_TYPE_LEAF pd=UNITY_ENABLE_REFLECTION_BUFFERS UNITY_PBS_USE_BRDF1 UNITY_SPECCUBE_BOX_PROJECTION UNITY_SPECCUBE_BLENDING ok=1
Cmd: compileSnippet
  api=4 type=0 insize=451348 outsize=7978 kw=DIRECTIONAL SHADOWS_SCREEN LIGHTMAP_OFF DYNAMICLIGHTMAP_OFF EFFECT_BUMP EFFECT_HUE_VARIATION GEOM_TYPE_FROND pd=UNITY_ENABLE_REFLECTION_BUFFERS UNITY_PBS_USE_BRDF1 UNITY_SPECCUBE_BOX_PROJECTION UNITY_SPECCUBE_BLENDING ok=1
Cmd: compileSnippet
  api=4 type=1 insize=451348 outsize=2878 kw=DIRECTIONAL SHADOWS_SCREEN LIGHTMAP_OFF DYNAMICLIGHTMAP_OFF EFFECT_BUMP EFFECT_HUE_VARIATION GEOM_TYPE_FROND pd=UNITY_ENABLE_REFLECTION_BUFFERS UNITY_PBS_USE_BRDF1 UNITY_SPECCUBE_BOX_PROJECTION UNITY_SPECCUBE_BLENDING ok=1
Cmd: compileSnippet
  api=4 type=0 insize=451348 outsize=7534 kw=DIRECTIONAL SHADOWS_SCREEN LIGHTMAP_OFF DYNAMICLIGHTMAP_OFF EFFECT_BUMP EFFECT_HUE_VARIATION GEOM_TYPE_BRANCH pd=UNITY_ENABLE_REFLECTION_BUFFERS UNITY_PBS_USE_BRDF1 UNITY_SPECCUBE_BOX_PROJECTION UNITY_SPECCUBE_BLENDING ok=1
Cmd: compileSnippet
  api=4 type=1 insize=451348 outsize=2790 kw=DIRECTIONAL SHADOWS_SCREEN LIGHTMAP_OFF DYNAMICLIGHTMAP_OFF EFFECT_BUMP EFFECT_HUE_VARIATION GEOM_TYPE_BRANCH pd=UNITY_ENABLE_REFLECTION_BUFFERS UNITY_PBS_USE_BRDF1 UNITY_SPECCUBE_BOX_PROJECTION UNITY_SPECCUBE_BLENDING ok=1
Cmd: compileSnippet
  api=4 type=0 insize=451348 outsize=7666 kw=DIRECTIONAL SHADOWS_SCREEN LIGHTMAP_OFF DYNAMICLIGHTMAP_OFF EFFECT_BUMP EFFECT_HUE_VARIATION GEOM_TYPE_BRANCH_DETAIL pd=UNITY_ENABLE_REFLECTION_BUFFERS UNITY_PBS_USE_BRDF1 UNITY_SPECCUBE_BOX_PROJECTION UNITY_SPECCUBE_BLENDING ok=1
Cmd: compileSnippet
  api=4 type=1 insize=451348 outsize=3042 kw=DIRECTIONAL SHADOWS_SCREEN LIGHTMAP_OFF DYNAMICLIGHTMAP_OFF EFFECT_BUMP EFFECT_HUE_VARIATION GEOM_TYPE_BRANCH_DETAIL pd=UNITY_ENABLE_REFLECTION_BUFFERS UNITY_PBS_USE_BRDF1 UNITY_SPECCUBE_BOX_PROJECTION UNITY_SPECCUBE_BLENDING ok=1
Cmd: compileSnippet
  api=4 type=0 insize=986 outsize=2122 kw=DIRECTIONAL SHADOWS_SCREEN LIGHTMAP_OFF DYNAMICLIGHTMAP_OFF pd=UNITY_ENABLE_REFLECTION_BUFFERS UNITY_PBS_USE_BRDF1 UNITY_SPECCUBE_BOX_PROJECTION UNITY_SPECCUBE_BLENDING ok=1
Cmd: compileSnippet
  api=4 type=1 insize=986 outsize=6502 kw=DIRECTIONAL SHADOWS_SCREEN LIGHTMAP_OFF DYNAMICLIGHTMAP_OFF pd=UNITY_ENABLE_REFLECTION_BUFFERS UNITY_PBS_USE_BRDF1 UNITY_SPECCUBE_BOX_PROJECTION UNITY_SPECCUBE_BLENDING ok=1
Cmd: compileSnippet
  api=4 type=0 insize=1274 outsize=7054 kw=SHADOWS_DEPTH LOD_FADE_CROSSFADE GEOM_TYPE_BRANCH pd=UNITY_ENABLE_REFLECTION_BUFFERS UNITY_PBS_USE_BRDF1 UNITY_SPECCUBE_BOX_PROJECTION UNITY_SPECCUBE_BLENDING ok=1
Cmd: compileSnippet
  api=4 type=1 insize=1274 outsize=510 kw=SHADOWS_DEPTH LOD_FADE_CROSSFADE GEOM_TYPE_BRANCH pd=UNITY_ENABLE_REFLECTION_BUFFERS UNITY_PBS_USE_BRDF1 UNITY_SPECCUBE_BOX_PROJECTION UNITY_SPECCUBE_BLENDING ok=1
Cmd: compileSnippet
  api=4 type=0 insize=1274 outsize=11650 kw=SHADOWS_DEPTH LOD_FADE_CROSSFADE GEOM_TYPE_LEAF pd=UNITY_ENABLE_REFLECTION_BUFFERS UNITY_PBS_USE_BRDF1 UNITY_SPECCUBE_BOX_PROJECTION UNITY_SPECCUBE_BLENDING ok=1
Cmd: compileSnippet
  api=4 type=1 insize=1274 outsize=714 kw=SHADOWS_DEPTH LOD_FADE_CROSSFADE GEOM_TYPE_LEAF pd=UNITY_ENABLE_REFLECTION_BUFFERS UNITY_PBS_USE_BRDF1 UNITY_SPECCUBE_BOX_PROJECTION UNITY_SPECCUBE_BLENDING ok=1
Cmd: compileSnippet
  api=4 type=0 insize=56123 outsize=5374 kw=SHADOWS_DEPTH LOD_FADE_CROSSFADE BILLBOARD_FACE_CAMERA_POS EFFECT_BUMP EFFECT_HUE_VARIATION pd=UNITY_ENABLE_REFLECTION_BUFFERS UNITY_PBS_USE_BRDF1 UNITY_SPECCUBE_BOX_PROJECTION UNITY_SPECCUBE_BLENDING ok=1
Cmd: compileSnippet
  api=4 type=1 insize=56123 outsize=762 kw=SHADOWS_DEPTH LOD_FADE_CROSSFADE BILLBOARD_FACE_CAMERA_POS EFFECT_BUMP EFFECT_HUE_VARIATION pd=UNITY_ENABLE_REFLECTION_BUFFERS UNITY_PBS_USE_BRDF1 UNITY_SPECCUBE_BOX_PROJECTION UNITY_SPECCUBE_BLENDING ok=1
Cmd: compileSnippet
  api=4 type=0 insize=1274 outsize=7054 kw=SHADOWS_DEPTH LOD_FADE_CROSSFADE GEOM_TYPE_BRANCH_DETAIL pd=UNITY_ENABLE_REFLECTION_BUFFERS UNITY_PBS_USE_BRDF1 UNITY_SPECCUBE_BOX_PROJECTION UNITY_SPECCUBE_BLENDING ok=1
Cmd: compileSnippet
  api=4 type=1 insize=1274 outsize=510 kw=SHADOWS_DEPTH LOD_FADE_CROSSFADE GEOM_TYPE_BRANCH_DETAIL pd=UNITY_ENABLE_REFLECTION_BUFFERS UNITY_PBS_USE_BRDF1 UNITY_SPECCUBE_BOX_PROJECTION UNITY_SPECCUBE_BLENDING ok=1
Cmd: compileSnippet
  api=4 type=0 insize=56123 outsize=4958 kw=SHADOWS_DEPTH BILLBOARD_FACE_CAMERA_POS EFFECT_BUMP EFFECT_HUE_VARIATION pd=UNITY_ENABLE_REFLECTION_BUFFERS UNITY_PBS_USE_BRDF1 UNITY_SPECCUBE_BOX_PROJECTION UNITY_SPECCUBE_BLENDING ok=1
Cmd: compileSnippet
  api=4 type=1 insize=56123 outsize=490 kw=SHADOWS_DEPTH BILLBOARD_FACE_CAMERA_POS EFFECT_BUMP EFFECT_HUE_VARIATION pd=UNITY_ENABLE_REFLECTION_BUFFERS UNITY_PBS_USE_BRDF1 UNITY_SPECCUBE_BOX_PROJECTION UNITY_SPECCUBE_BLENDING ok=1
Cmd: compileSnippet
  api=4 type=0 insize=986 outsize=1946 kw=DIRECTIONAL LIGHTMAP_OFF DYNAMICLIGHTMAP_OFF _EMISSION pd=UNITY_ENABLE_REFLECTION_BUFFERS UNITY_PBS_USE_BRDF1 UNITY_SPECCUBE_BOX_PROJECTION UNITY_SPECCUBE_BLENDING ok=1
Cmd: compileSnippet
  api=4 type=1 insize=986 outsize=6454 kw=DIRECTIONAL LIGHTMAP_OFF DYNAMICLIGHTMAP_OFF _EMISSION pd=UNITY_ENABLE_REFLECTION_BUFFERS UNITY_PBS_USE_BRDF1 UNITY_SPECCUBE_BOX_PROJECTION UNITY_SPECCUBE_BLENDING ok=1
Cmd: compileSnippet
  api=4 type=0 insize=1379 outsize=678 kw= pd=UNITY_ENABLE_REFLECTION_BUFFERS UNITY_PBS_USE_BRDF1 UNITY_SPECCUBE_BOX_PROJECTION UNITY_SPECCUBE_BLENDING ok=1
Cmd: compileSnippet
  api=4 type=1 insize=1379 outsize=570 kw= pd=UNITY_ENABLE_REFLECTION_BUFFERS UNITY_PBS_USE_BRDF1 UNITY_SPECCUBE_BOX_PROJECTION UNITY_SPECCUBE_BLENDING ok=1
Cmd: compileSnippet
  api=4 type=0 insize=1375 outsize=678 kw= pd=UNITY_ENABLE_REFLECTION_BUFFERS UNITY_PBS_USE_BRDF1 UNITY_SPECCUBE_BOX_PROJECTION UNITY_SPECCUBE_BLENDING ok=1
Cmd: compileSnippet
  api=4 type=1 insize=1375 outsize=570 kw= pd=UNITY_ENABLE_REFLECTION_BUFFERS UNITY_PBS_USE_BRDF1 UNITY_SPECCUBE_BOX_PROJECTION UNITY_SPECCUBE_BLENDING ok=1
Cmd: compileSnippet
  api=4 type=0 insize=1375 outsize=678 kw= pd=UNITY_ENABLE_REFLECTION_BUFFERS UNITY_PBS_USE_BRDF1 UNITY_SPECCUBE_BOX_PROJECTION UNITY_SPECCUBE_BLENDING ok=1
Cmd: compileSnippet
  api=4 type=1 insize=1375 outsize=570 kw= pd=UNITY_ENABLE_REFLECTION_BUFFERS UNITY_PBS_USE_BRDF1 UNITY_SPECCUBE_BOX_PROJECTION UNITY_SPECCUBE_BLENDING ok=1
Cmd: compileSnippet
  api=4 type=0 insize=1379 outsize=678 kw= pd=UNITY_ENABLE_REFLECTION_BUFFERS UNITY_PBS_USE_BRDF1 UNITY_SPECCUBE_BOX_PROJECTION UNITY_SPECCUBE_BLENDING ok=1
Cmd: compileSnippet
  api=4 type=1 insize=1379 outsize=570 kw= pd=UNITY_ENABLE_REFLECTION_BUFFERS UNITY_PBS_USE_BRDF1 UNITY_SPECCUBE_BOX_PROJECTION UNITY_SPECCUBE_BLENDING ok=1
Cmd: compileSnippet
  api=4 type=0 insize=1367 outsize=678 kw= pd=UNITY_ENABLE_REFLECTION_BUFFERS UNITY_PBS_USE_BRDF1 UNITY_SPECCUBE_BOX_PROJECTION UNITY_SPECCUBE_BLENDING ok=1
Cmd: compileSnippet
  api=4 type=1 insize=1367 outsize=570 kw= pd=UNITY_ENABLE_REFLECTION_BUFFERS UNITY_PBS_USE_BRDF1 UNITY_SPECCUBE_BOX_PROJECTION UNITY_SPECCUBE_BLENDING ok=1
Cmd: compileSnippet
  api=4 type=0 insize=1377 outsize=678 kw= pd=UNITY_ENABLE_REFLECTION_BUFFERS UNITY_PBS_USE_BRDF1 UNITY_SPECCUBE_BOX_PROJECTION UNITY_SPECCUBE_BLENDING ok=1
Cmd: compileSnippet
  api=4 type=1 insize=1377 outsize=570 kw= pd=UNITY_ENABLE_REFLECTION_BUFFERS UNITY_PBS_USE_BRDF1 UNITY_SPECCUBE_BOX_PROJECTION UNITY_SPECCUBE_BLENDING ok=1
